2025-03-03 14:00:45,247 - INFO - Detecting scene changes with threshold 30.0 in first 40.0 seconds...
2025-03-03 14:00:45,255 - INFO - Will process 1000 frames (max 40.0 seconds at 25.0 fps)
2025-03-03 14:00:46,136 - INFO - Scene change detected at 3.04 seconds (diff: 71.95)
2025-03-03 14:00:46,376 - INFO - Processed 100/1000 frames (10.00%)
2025-03-03 14:00:46,625 - INFO - Scene change detected at 4.92 seconds (diff: 75.95)
2025-03-03 14:00:46,810 - INFO - Scene change detected at 5.52 seconds (diff: 66.03)
2025-03-03 14:00:47,147 - INFO - Scene change detected at 6.72 seconds (diff: 45.73)
2025-03-03 14:00:47,484 - INFO - Processed 200/1000 frames (20.00%)
2025-03-03 14:00:47,651 - INFO - Scene change detected at 8.52 seconds (diff: 38.58)
2025-03-03 14:00:47,831 - INFO - Scene change detected at 9.16 seconds (diff: 76.81)
2025-03-03 14:00:48,158 - INFO - Scene change detected at 10.36 seconds (diff: 88.53)
2025-03-03 14:00:48,411 - INFO - Scene change detected at 11.28 seconds (diff: 100.55)
2025-03-03 14:00:48,612 - INFO - Processed 300/1000 frames (30.00%)
2025-03-03 14:00:48,892 - INFO - Scene change detected at 12.96 seconds (diff: 112.87)
2025-03-03 14:00:49,583 - INFO - Scene change detected at 15.40 seconds (diff: 74.77)
2025-03-03 14:00:49,756 - INFO - Processed 400/1000 frames (40.00%)
2025-03-03 14:00:50,418 - INFO - Scene change detected at 18.28 seconds (diff: 44.60)
2025-03-03 14:00:50,940 - INFO - Processed 500/1000 frames (50.00%)
2025-03-03 14:00:52,178 - INFO - Processed 600/1000 frames (60.00%)
2025-03-03 14:00:52,743 - INFO - Scene change detected at 25.76 seconds (diff: 64.34)
2025-03-03 14:00:53,444 - INFO - Processed 700/1000 frames (70.00%)
2025-03-03 14:00:54,787 - INFO - Processed 800/1000 frames (80.00%)
2025-03-03 14:00:56,141 - INFO - Processed 900/1000 frames (90.00%)
2025-03-03 14:00:56,704 - INFO - Scene change detected at 37.60 seconds (diff: 81.16)
2025-03-03 14:00:57,110 - INFO - Scene change detected at 38.84 seconds (diff: 81.43)
2025-03-03 14:00:57,490 - INFO - Processed 1000/1000 frames (100.00%)
2025-03-03 14:00:57,503 - INFO - Scene detection complete. Found 14 scene changes in first 40.0 seconds.
2025-03-03 14:00:57,566 - INFO - Extracting 1 sequences of 5 seconds each...
2025-03-03 14:00:57,594 - INFO - Running FFmpeg command: ffmpeg -y -i C:/Users/JoPa/Videos/Andor_S2.mp4 -ss 3.04 -t 5 -c:v prores_ks -profile:v 0 -vendor ap10 -pix_fmt yuv422p10le -c:a copy -progress C:\Users\JoPa\AppData\Local\Temp\tmppw5c0yzg.txt C:/Users/JoPa/Videos\Andor_S2_sequences\Andor_S2_seq_1.mov
