2025-03-03 13:55:26,376 - INFO - Detecting scene changes with threshold 30.0 in first 40.0 seconds...
2025-03-03 13:55:26,384 - INFO - Will process 1000 frames (max 40.0 seconds at 25.0 fps)
2025-03-03 13:55:27,264 - INFO - Scene change detected at 3.04 seconds (diff: 71.95)
2025-03-03 13:55:27,535 - INFO - Processed 100/1000 frames (10.00%)
2025-03-03 13:55:27,834 - INFO - Scene change detected at 4.92 seconds (diff: 75.95)
2025-03-03 13:55:27,997 - INFO - Scene change detected at 5.52 seconds (diff: 66.03)
2025-03-03 13:55:28,327 - INFO - Scene change detected at 6.72 seconds (diff: 45.73)
2025-03-03 13:55:28,678 - INFO - Processed 200/1000 frames (20.00%)
2025-03-03 13:55:28,851 - INFO - Scene change detected at 8.52 seconds (diff: 38.58)
2025-03-03 13:55:29,030 - INFO - Scene change detected at 9.16 seconds (diff: 76.81)
2025-03-03 13:55:29,364 - INFO - Scene change detected at 10.36 seconds (diff: 88.53)
2025-03-03 13:55:29,647 - INFO - Scene change detected at 11.28 seconds (diff: 100.55)
2025-03-03 13:55:29,844 - INFO - Processed 300/1000 frames (30.00%)
2025-03-03 13:55:30,118 - INFO - Scene change detected at 12.96 seconds (diff: 112.87)
2025-03-03 13:55:30,826 - INFO - Scene change detected at 15.40 seconds (diff: 74.77)
2025-03-03 13:55:30,979 - INFO - Processed 400/1000 frames (40.00%)
2025-03-03 13:55:31,645 - INFO - Scene change detected at 18.28 seconds (diff: 44.60)
2025-03-03 13:55:32,185 - INFO - Processed 500/1000 frames (50.00%)
2025-03-03 13:55:33,400 - INFO - Processed 600/1000 frames (60.00%)
2025-03-03 13:55:33,961 - INFO - Scene change detected at 25.76 seconds (diff: 64.34)
2025-03-03 13:55:34,650 - INFO - Processed 700/1000 frames (70.00%)
2025-03-03 13:55:35,958 - INFO - Processed 800/1000 frames (80.00%)
2025-03-03 13:55:37,343 - INFO - Processed 900/1000 frames (90.00%)
2025-03-03 13:55:37,907 - INFO - Scene change detected at 37.60 seconds (diff: 81.16)
2025-03-03 13:55:38,375 - INFO - Scene change detected at 38.84 seconds (diff: 81.43)
2025-03-03 13:55:38,788 - INFO - Processed 1000/1000 frames (100.00%)
2025-03-03 13:55:38,801 - INFO - Scene detection complete. Found 14 scene changes in first 40.0 seconds.
2025-03-03 13:55:38,865 - INFO - Extracting 3 sequences of 10 seconds each...
2025-03-03 13:55:38,887 - INFO - Running FFmpeg command: ffmpeg -y -i C:/Users/JoPa/Videos/Andor_S2.mp4 -ss 3.04 -t 10 -c:v prores_ks -profile:v 0 -vendor ap10 -pix_fmt yuv422p10le -c:a copy -progress C:\Users\JoPa\AppData\Local\Temp\tmp3pf9qqop.txt C:/Users/JoPa/Videos\Andor_S2_sequences\Andor_S2_seq_1.mov
